#! /usr/bin/vvp
:ivl_version "11.0 (stable)";
:ivl_delay_selection "TYPICAL";
:vpi_time_precision + 0;
:vpi_module "/usr/lib/x86_64-linux-gnu/ivl/system.vpi";
:vpi_module "/usr/lib/x86_64-linux-gnu/ivl/vhdl_sys.vpi";
:vpi_module "/usr/lib/x86_64-linux-gnu/ivl/vhdl_textio.vpi";
:vpi_module "/usr/lib/x86_64-linux-gnu/ivl/v2005_math.vpi";
:vpi_module "/usr/lib/x86_64-linux-gnu/ivl/va_math.vpi";
S_0x55f079d1ccf0 .scope module, "ins_decoder" "ins_decoder" 2 6;
 .timescale 0 0;
    .port_info 0 /INPUT 32 "ins";
    .port_info 1 /OUTPUT 5 "rs1";
    .port_info 2 /OUTPUT 5 "rs2";
    .port_info 3 /OUTPUT 5 "rd";
    .port_info 4 /OUTPUT 6 "opcode";
    .port_info 5 /OUTPUT 32 "imm";
v0x55f079d1cf20_0 .net "bit", 0 0, L_0x55f079d824b0;  1 drivers
v0x55f079d81bd0_0 .var "imm", 31 0;
o0x7f17aa73e078 .functor BUFZ 32, C4<zzzzzzzzzzzzzzzzzzzzzzzzzzzzzzzz>; HiZ drive
v0x55f079d81cb0_0 .net "ins", 31 0, o0x7f17aa73e078;  0 drivers
v0x55f079d81d70_0 .net "op", 6 0, L_0x55f079d82370;  1 drivers
v0x55f079d81e50_0 .var "opcode", 5 0;
v0x55f079d81f30_0 .var "rd", 4 0;
v0x55f079d82010_0 .var "rs1", 4 0;
v0x55f079d820f0_0 .var "rs2", 4 0;
v0x55f079d821d0_0 .net "tp", 2 0, L_0x55f079d82410;  1 drivers
E_0x55f079d57730 .event edge, v0x55f079d81d70_0, v0x55f079d81cb0_0, v0x55f079d821d0_0, v0x55f079d1cf20_0;
L_0x55f079d82370 .part o0x7f17aa73e078, 0, 7;
L_0x55f079d82410 .part o0x7f17aa73e078, 12, 3;
L_0x55f079d824b0 .part o0x7f17aa73e078, 30, 1;
    .scope S_0x55f079d1ccf0;
T_0 ;
    %wait E_0x55f079d57730;
    %pushi/vec4 0, 0, 6;
    %store/vec4 v0x55f079d81e50_0, 0, 6;
    %pushi/vec4 0, 0, 5;
    %store/vec4 v0x55f079d81f30_0, 0, 5;
    %pushi/vec4 0, 0, 5;
    %store/vec4 v0x55f079d82010_0, 0, 5;
    %pushi/vec4 0, 0, 5;
    %store/vec4 v0x55f079d820f0_0, 0, 5;
    %load/vec4 v0x55f079d81d70_0;
    %dup/vec4;
    %pushi/vec4 55, 0, 7;
    %cmp/u;
    %jmp/1 T_0.0, 6;
    %dup/vec4;
    %pushi/vec4 23, 0, 7;
    %cmp/u;
    %jmp/1 T_0.1, 6;
    %dup/vec4;
    %pushi/vec4 111, 0, 7;
    %cmp/u;
    %jmp/1 T_0.2, 6;
    %dup/vec4;
    %pushi/vec4 103, 0, 7;
    %cmp/u;
    %jmp/1 T_0.3, 6;
    %dup/vec4;
    %pushi/vec4 99, 0, 7;
    %cmp/u;
    %jmp/1 T_0.4, 6;
    %dup/vec4;
    %pushi/vec4 3, 0, 7;
    %cmp/u;
    %jmp/1 T_0.5, 6;
    %dup/vec4;
    %pushi/vec4 35, 0, 7;
    %cmp/u;
    %jmp/1 T_0.6, 6;
    %dup/vec4;
    %pushi/vec4 19, 0, 7;
    %cmp/u;
    %jmp/1 T_0.7, 6;
    %dup/vec4;
    %pushi/vec4 51, 0, 7;
    %cmp/u;
    %jmp/1 T_0.8, 6;
    %jmp T_0.10;
T_0.0 ;
    %load/vec4 v0x55f079d81cb0_0;
    %parti/s 20, 12, 5;
    %concati/vec4 0, 0, 12;
    %store/vec4 v0x55f079d81bd0_0, 0, 32;
    %load/vec4 v0x55f079d81cb0_0;
    %parti/s 5, 7, 4;
    %store/vec4 v0x55f079d81f30_0, 0, 5;
    %pushi/vec4 1, 0, 6;
    %store/vec4 v0x55f079d81e50_0, 0, 6;
    %jmp T_0.10;
T_0.1 ;
    %load/vec4 v0x55f079d81cb0_0;
    %parti/s 20, 12, 5;
    %concati/vec4 0, 0, 12;
    %store/vec4 v0x55f079d81bd0_0, 0, 32;
    %load/vec4 v0x55f079d81cb0_0;
    %parti/s 5, 7, 4;
    %store/vec4 v0x55f079d81f30_0, 0, 5;
    %pushi/vec4 2, 0, 6;
    %store/vec4 v0x55f079d81e50_0, 0, 6;
    %jmp T_0.10;
T_0.2 ;
    %load/vec4 v0x55f079d81cb0_0;
    %parti/s 1, 31, 6;
    %load/vec4 v0x55f079d81cb0_0;
    %parti/s 8, 12, 5;
    %concat/vec4; draw_concat_vec4
    %load/vec4 v0x55f079d81cb0_0;
    %parti/s 1, 20, 6;
    %concat/vec4; draw_concat_vec4
    %load/vec4 v0x55f079d81cb0_0;
    %parti/s 10, 21, 6;
    %concat/vec4; draw_concat_vec4
    %concati/vec4 0, 0, 1;
    %pad/s 32;
    %store/vec4 v0x55f079d81bd0_0, 0, 32;
    %load/vec4 v0x55f079d81cb0_0;
    %parti/s 5, 7, 4;
    %store/vec4 v0x55f079d81f30_0, 0, 5;
    %pushi/vec4 3, 0, 6;
    %store/vec4 v0x55f079d81e50_0, 0, 6;
    %jmp T_0.10;
T_0.3 ;
    %load/vec4 v0x55f079d81cb0_0;
    %parti/s 12, 20, 6;
    %pad/s 32;
    %store/vec4 v0x55f079d81bd0_0, 0, 32;
    %load/vec4 v0x55f079d81cb0_0;
    %parti/s 5, 7, 4;
    %store/vec4 v0x55f079d81f30_0, 0, 5;
    %load/vec4 v0x55f079d81cb0_0;
    %parti/s 5, 15, 5;
    %store/vec4 v0x55f079d82010_0, 0, 5;
    %pushi/vec4 4, 0, 6;
    %store/vec4 v0x55f079d81e50_0, 0, 6;
    %jmp T_0.10;
T_0.4 ;
    %load/vec4 v0x55f079d81cb0_0;
    %parti/s 1, 31, 6;
    %load/vec4 v0x55f079d81cb0_0;
    %parti/s 1, 7, 4;
    %concat/vec4; draw_concat_vec4
    %load/vec4 v0x55f079d81cb0_0;
    %parti/s 6, 25, 6;
    %concat/vec4; draw_concat_vec4
    %load/vec4 v0x55f079d81cb0_0;
    %parti/s 4, 8, 5;
    %concat/vec4; draw_concat_vec4
    %concati/vec4 0, 0, 1;
    %pad/s 32;
    %store/vec4 v0x55f079d81bd0_0, 0, 32;
    %load/vec4 v0x55f079d81cb0_0;
    %parti/s 5, 15, 5;
    %store/vec4 v0x55f079d82010_0, 0, 5;
    %load/vec4 v0x55f079d81cb0_0;
    %parti/s 5, 20, 6;
    %store/vec4 v0x55f079d820f0_0, 0, 5;
    %load/vec4 v0x55f079d821d0_0;
    %dup/vec4;
    %pushi/vec4 0, 0, 3;
    %cmp/u;
    %jmp/1 T_0.11, 6;
    %dup/vec4;
    %pushi/vec4 1, 0, 3;
    %cmp/u;
    %jmp/1 T_0.12, 6;
    %dup/vec4;
    %pushi/vec4 4, 0, 3;
    %cmp/u;
    %jmp/1 T_0.13, 6;
    %dup/vec4;
    %pushi/vec4 5, 0, 3;
    %cmp/u;
    %jmp/1 T_0.14, 6;
    %dup/vec4;
    %pushi/vec4 6, 0, 3;
    %cmp/u;
    %jmp/1 T_0.15, 6;
    %dup/vec4;
    %pushi/vec4 7, 0, 3;
    %cmp/u;
    %jmp/1 T_0.16, 6;
    %jmp T_0.17;
T_0.11 ;
    %pushi/vec4 5, 0, 6;
    %store/vec4 v0x55f079d81e50_0, 0, 6;
    %jmp T_0.17;
T_0.12 ;
    %pushi/vec4 6, 0, 6;
    %store/vec4 v0x55f079d81e50_0, 0, 6;
    %jmp T_0.17;
T_0.13 ;
    %pushi/vec4 7, 0, 6;
    %store/vec4 v0x55f079d81e50_0, 0, 6;
    %jmp T_0.17;
T_0.14 ;
    %pushi/vec4 8, 0, 6;
    %store/vec4 v0x55f079d81e50_0, 0, 6;
    %jmp T_0.17;
T_0.15 ;
    %pushi/vec4 9, 0, 6;
    %store/vec4 v0x55f079d81e50_0, 0, 6;
    %jmp T_0.17;
T_0.16 ;
    %pushi/vec4 10, 0, 6;
    %store/vec4 v0x55f079d81e50_0, 0, 6;
    %jmp T_0.17;
T_0.17 ;
    %pop/vec4 1;
    %jmp T_0.10;
T_0.5 ;
    %load/vec4 v0x55f079d81cb0_0;
    %parti/s 12, 20, 6;
    %pad/s 32;
    %store/vec4 v0x55f079d81bd0_0, 0, 32;
    %load/vec4 v0x55f079d81cb0_0;
    %parti/s 5, 7, 4;
    %store/vec4 v0x55f079d81f30_0, 0, 5;
    %load/vec4 v0x55f079d81cb0_0;
    %parti/s 5, 15, 5;
    %store/vec4 v0x55f079d82010_0, 0, 5;
    %load/vec4 v0x55f079d821d0_0;
    %dup/vec4;
    %pushi/vec4 0, 0, 3;
    %cmp/u;
    %jmp/1 T_0.18, 6;
    %dup/vec4;
    %pushi/vec4 1, 0, 3;
    %cmp/u;
    %jmp/1 T_0.19, 6;
    %dup/vec4;
    %pushi/vec4 2, 0, 3;
    %cmp/u;
    %jmp/1 T_0.20, 6;
    %dup/vec4;
    %pushi/vec4 4, 0, 3;
    %cmp/u;
    %jmp/1 T_0.21, 6;
    %dup/vec4;
    %pushi/vec4 5, 0, 3;
    %cmp/u;
    %jmp/1 T_0.22, 6;
    %jmp T_0.23;
T_0.18 ;
    %pushi/vec4 11, 0, 6;
    %store/vec4 v0x55f079d81e50_0, 0, 6;
    %jmp T_0.23;
T_0.19 ;
    %pushi/vec4 12, 0, 6;
    %store/vec4 v0x55f079d81e50_0, 0, 6;
    %jmp T_0.23;
T_0.20 ;
    %pushi/vec4 13, 0, 6;
    %store/vec4 v0x55f079d81e50_0, 0, 6;
    %jmp T_0.23;
T_0.21 ;
    %pushi/vec4 14, 0, 6;
    %store/vec4 v0x55f079d81e50_0, 0, 6;
    %jmp T_0.23;
T_0.22 ;
    %pushi/vec4 15, 0, 6;
    %store/vec4 v0x55f079d81e50_0, 0, 6;
    %jmp T_0.23;
T_0.23 ;
    %pop/vec4 1;
    %jmp T_0.10;
T_0.6 ;
    %load/vec4 v0x55f079d81cb0_0;
    %parti/s 7, 25, 6;
    %load/vec4 v0x55f079d81cb0_0;
    %parti/s 5, 7, 4;
    %concat/vec4; draw_concat_vec4
    %pad/s 32;
    %store/vec4 v0x55f079d81bd0_0, 0, 32;
    %load/vec4 v0x55f079d81cb0_0;
    %parti/s 5, 15, 5;
    %store/vec4 v0x55f079d82010_0, 0, 5;
    %load/vec4 v0x55f079d81cb0_0;
    %parti/s 5, 20, 6;
    %store/vec4 v0x55f079d820f0_0, 0, 5;
    %load/vec4 v0x55f079d81d70_0;
    %dup/vec4;
    %pushi/vec4 0, 0, 7;
    %cmp/u;
    %jmp/1 T_0.24, 6;
    %dup/vec4;
    %pushi/vec4 1, 0, 7;
    %cmp/u;
    %jmp/1 T_0.25, 6;
    %dup/vec4;
    %pushi/vec4 2, 0, 7;
    %cmp/u;
    %jmp/1 T_0.26, 6;
    %jmp T_0.27;
T_0.24 ;
    %pushi/vec4 16, 0, 6;
    %store/vec4 v0x55f079d81e50_0, 0, 6;
    %jmp T_0.27;
T_0.25 ;
    %pushi/vec4 17, 0, 6;
    %store/vec4 v0x55f079d81e50_0, 0, 6;
    %jmp T_0.27;
T_0.26 ;
    %pushi/vec4 18, 0, 6;
    %store/vec4 v0x55f079d81e50_0, 0, 6;
    %jmp T_0.27;
T_0.27 ;
    %pop/vec4 1;
    %jmp T_0.10;
T_0.7 ;
    %load/vec4 v0x55f079d81cb0_0;
    %parti/s 5, 7, 4;
    %store/vec4 v0x55f079d81f30_0, 0, 5;
    %load/vec4 v0x55f079d81cb0_0;
    %parti/s 5, 15, 5;
    %store/vec4 v0x55f079d82010_0, 0, 5;
    %load/vec4 v0x55f079d81d70_0;
    %dup/vec4;
    %pushi/vec4 0, 0, 7;
    %cmp/u;
    %jmp/1 T_0.28, 6;
    %dup/vec4;
    %pushi/vec4 2, 0, 7;
    %cmp/u;
    %jmp/1 T_0.29, 6;
    %dup/vec4;
    %pushi/vec4 3, 0, 7;
    %cmp/u;
    %jmp/1 T_0.30, 6;
    %dup/vec4;
    %pushi/vec4 4, 0, 7;
    %cmp/u;
    %jmp/1 T_0.31, 6;
    %dup/vec4;
    %pushi/vec4 6, 0, 7;
    %cmp/u;
    %jmp/1 T_0.32, 6;
    %dup/vec4;
    %pushi/vec4 7, 0, 7;
    %cmp/u;
    %jmp/1 T_0.33, 6;
    %dup/vec4;
    %pushi/vec4 1, 0, 7;
    %cmp/u;
    %jmp/1 T_0.34, 6;
    %dup/vec4;
    %pushi/vec4 5, 0, 7;
    %cmp/u;
    %jmp/1 T_0.35, 6;
    %jmp T_0.36;
T_0.28 ;
    %load/vec4 v0x55f079d81cb0_0;
    %parti/s 12, 20, 6;
    %pad/s 32;
    %store/vec4 v0x55f079d81bd0_0, 0, 32;
    %pushi/vec4 19, 0, 6;
    %store/vec4 v0x55f079d81e50_0, 0, 6;
    %jmp T_0.36;
T_0.29 ;
    %load/vec4 v0x55f079d81cb0_0;
    %parti/s 12, 20, 6;
    %pad/s 32;
    %store/vec4 v0x55f079d81bd0_0, 0, 32;
    %pushi/vec4 20, 0, 6;
    %store/vec4 v0x55f079d81e50_0, 0, 6;
    %jmp T_0.36;
T_0.30 ;
    %load/vec4 v0x55f079d81cb0_0;
    %parti/s 12, 20, 6;
    %pad/s 32;
    %store/vec4 v0x55f079d81bd0_0, 0, 32;
    %pushi/vec4 21, 0, 6;
    %store/vec4 v0x55f079d81e50_0, 0, 6;
    %jmp T_0.36;
T_0.31 ;
    %load/vec4 v0x55f079d81cb0_0;
    %parti/s 12, 20, 6;
    %pad/s 32;
    %store/vec4 v0x55f079d81bd0_0, 0, 32;
    %pushi/vec4 22, 0, 6;
    %store/vec4 v0x55f079d81e50_0, 0, 6;
    %jmp T_0.36;
T_0.32 ;
    %load/vec4 v0x55f079d81cb0_0;
    %parti/s 12, 20, 6;
    %pad/s 32;
    %store/vec4 v0x55f079d81bd0_0, 0, 32;
    %pushi/vec4 23, 0, 6;
    %store/vec4 v0x55f079d81e50_0, 0, 6;
    %jmp T_0.36;
T_0.33 ;
    %load/vec4 v0x55f079d81cb0_0;
    %parti/s 12, 20, 6;
    %pad/s 32;
    %store/vec4 v0x55f079d81bd0_0, 0, 32;
    %pushi/vec4 24, 0, 6;
    %store/vec4 v0x55f079d81e50_0, 0, 6;
    %jmp T_0.36;
T_0.34 ;
    %pushi/vec4 0, 0, 27;
    %load/vec4 v0x55f079d81cb0_0;
    %parti/s 5, 20, 6;
    %concat/vec4; draw_concat_vec4
    %store/vec4 v0x55f079d81bd0_0, 0, 32;
    %pushi/vec4 25, 0, 6;
    %store/vec4 v0x55f079d81e50_0, 0, 6;
    %jmp T_0.36;
T_0.35 ;
    %pushi/vec4 0, 0, 27;
    %load/vec4 v0x55f079d81cb0_0;
    %parti/s 5, 20, 6;
    %concat/vec4; draw_concat_vec4
    %store/vec4 v0x55f079d81bd0_0, 0, 32;
    %load/vec4 v0x55f079d1cf20_0;
    %flag_set/vec4 8;
    %jmp/0 T_0.37, 8;
    %pushi/vec4 27, 0, 6;
    %jmp/1 T_0.38, 8;
T_0.37 ; End of true expr.
    %pushi/vec4 26, 0, 6;
    %jmp/0 T_0.38, 8;
 ; End of false expr.
    %blend;
T_0.38;
    %store/vec4 v0x55f079d81e50_0, 0, 6;
    %jmp T_0.36;
T_0.36 ;
    %pop/vec4 1;
    %jmp T_0.10;
T_0.8 ;
    %load/vec4 v0x55f079d81cb0_0;
    %parti/s 5, 7, 4;
    %store/vec4 v0x55f079d81f30_0, 0, 5;
    %load/vec4 v0x55f079d81cb0_0;
    %parti/s 5, 15, 5;
    %store/vec4 v0x55f079d82010_0, 0, 5;
    %load/vec4 v0x55f079d81cb0_0;
    %parti/s 5, 20, 6;
    %store/vec4 v0x55f079d820f0_0, 0, 5;
    %load/vec4 v0x55f079d81d70_0;
    %dup/vec4;
    %pushi/vec4 0, 0, 7;
    %cmp/u;
    %jmp/1 T_0.39, 6;
    %dup/vec4;
    %pushi/vec4 1, 0, 7;
    %cmp/u;
    %jmp/1 T_0.40, 6;
    %dup/vec4;
    %pushi/vec4 2, 0, 7;
    %cmp/u;
    %jmp/1 T_0.41, 6;
    %dup/vec4;
    %pushi/vec4 3, 0, 7;
    %cmp/u;
    %jmp/1 T_0.42, 6;
    %dup/vec4;
    %pushi/vec4 4, 0, 7;
    %cmp/u;
    %jmp/1 T_0.43, 6;
    %dup/vec4;
    %pushi/vec4 5, 0, 7;
    %cmp/u;
    %jmp/1 T_0.44, 6;
    %dup/vec4;
    %pushi/vec4 6, 0, 7;
    %cmp/u;
    %jmp/1 T_0.45, 6;
    %dup/vec4;
    %pushi/vec4 7, 0, 7;
    %cmp/u;
    %jmp/1 T_0.46, 6;
    %jmp T_0.47;
T_0.39 ;
    %load/vec4 v0x55f079d1cf20_0;
    %flag_set/vec4 8;
    %jmp/0 T_0.48, 8;
    %pushi/vec4 29, 0, 6;
    %jmp/1 T_0.49, 8;
T_0.48 ; End of true expr.
    %pushi/vec4 28, 0, 6;
    %jmp/0 T_0.49, 8;
 ; End of false expr.
    %blend;
T_0.49;
    %store/vec4 v0x55f079d81e50_0, 0, 6;
    %jmp T_0.47;
T_0.40 ;
    %pushi/vec4 30, 0, 6;
    %store/vec4 v0x55f079d81e50_0, 0, 6;
    %jmp T_0.47;
T_0.41 ;
    %pushi/vec4 31, 0, 6;
    %store/vec4 v0x55f079d81e50_0, 0, 6;
    %jmp T_0.47;
T_0.42 ;
    %pushi/vec4 32, 0, 6;
    %store/vec4 v0x55f079d81e50_0, 0, 6;
    %jmp T_0.47;
T_0.43 ;
    %pushi/vec4 33, 0, 6;
    %store/vec4 v0x55f079d81e50_0, 0, 6;
    %jmp T_0.47;
T_0.44 ;
    %load/vec4 v0x55f079d1cf20_0;
    %flag_set/vec4 8;
    %jmp/0 T_0.50, 8;
    %pushi/vec4 35, 0, 6;
    %jmp/1 T_0.51, 8;
T_0.50 ; End of true expr.
    %pushi/vec4 34, 0, 6;
    %jmp/0 T_0.51, 8;
 ; End of false expr.
    %blend;
T_0.51;
    %store/vec4 v0x55f079d81e50_0, 0, 6;
    %jmp T_0.47;
T_0.45 ;
    %pushi/vec4 36, 0, 6;
    %store/vec4 v0x55f079d81e50_0, 0, 6;
    %jmp T_0.47;
T_0.46 ;
    %pushi/vec4 37, 0, 6;
    %store/vec4 v0x55f079d81e50_0, 0, 6;
    %jmp T_0.47;
T_0.47 ;
    %pop/vec4 1;
    %jmp T_0.10;
T_0.10 ;
    %pop/vec4 1;
    %jmp T_0;
    .thread T_0, $push;
# The file index is used to find the file name in the following table.
:file_names 3;
    "N/A";
    "<interactive>";
    "decoder.v";
